<?xml version="1.0" encoding="utf-8"?><testsuites name="pytest tests"><testsuite name="pytest" errors="0" failures="0" skipped="0" tests="28" time="7.367" timestamp="2026-09-24T02:18:48.125083+00:00" hostname="agent-env-5449ba65-ea74-477f-94a8-36087408f6c3"><testcase classname="tests.backend_test.TestAuth" name="test_super_admin_login" time="0.396" /><testcase classname="tests.backend_test.TestUploadSubscription" name="test_upload_returns_path" time="1.026" /><testcase classname="tests.backend_test.TestUploadSubscription" name="test_download_file" time="0.299" /><testcase classname="tests.backend_test.TestAuth" name="test_register_and_trial" time="0.759" /><testcase classname="tests.backend_test.TestAuth" name="test_login_wrong_password" time="0.359" /><testcase classname="tests.backend_test.TestUploadSubscription" name="test_download_file_no_auth" time="0.195" /><testcase classname="tests.backend_test.TestAuth" name="test_me_no_token" time="0.134" /><testcase classname="tests.backend_test.TestTransactions" name="test_cash_sale_decrements_stock" time="0.497" /><testcase classname="tests.backend_test.TestUploadSubscription" name="test_subscription_flow" time="1.132" /><testcase classname="tests.backend_test.TestTransactions" name="test_qris_sale" time="0.147" /><testcase classname="tests.backend_test.TestTransactions" name="test_kasbon_sale_increases_customer_balance" time="0.553" /><testcase classname="tests.backend_test.TestUploadSubscription" name="test_reject_subscription" time="0.304" /><testcase classname="tests.backend_test.TestTransactions" name="test_create_expense" time="0.123" /><testcase classname="tests.backend_test.TestSuperAdmin" name="test_admin_stats" time="0.149" /><testcase classname="tests.backend_test.TestSuperAdmin" name="test_list_umkms" time="0.152" /><testcase classname="tests.backend_test.TestSuperAdmin" name="test_umkm_cannot_access_admin" time="0.146" /><testcase classname="tests.backend_test.TestProducts" name="test_create_product" time="0.000" /><testcase classname="tests.backend_test.TestProducts" name="test_list_products" time="0.135" /><testcase classname="tests.backend_test.TestDashboardReports" name="test_dashboard_summary" time="0.638" /><testcase classname="tests.backend_test.TestDashboardReports" name="test_reports_summary" time="0.345" /><testcase classname="tests.backend_test.TestProducts" name="test_tenant_isolation" time="0.740" /><testcase classname="tests.backend_test.TestDashboardReports" name="test_export_excel" time="0.361" /><testcase classname="tests.backend_test.TestCashier" name="test_create_cashier" time="0.410" /><testcase classname="tests.backend_test.TestDashboardReports" name="test_export_pdf" time="0.415" /><testcase classname="tests.backend_test.TestCashier" name="test_cashier_login_and_role" time="1.265" /><testcase classname="tests.backend_test.TestPlatformAndToggle" name="test_update_settings" time="0.326" /><testcase classname="tests.backend_test.TestPlatformAndToggle" name="test_toggle_umkm_suspend" time="1.433" /><testcase classname="tests.backend_test.TestOutlets" name="test_create_and_delete_outlet" time="0.464" /></testsuite></testsuites>