<?xml version="1.0" encoding="utf-8"?><testsuites name="pytest tests"><testsuite name="pytest" errors="0" failures="0" skipped="0" tests="41" time="10.979" timestamp="2026-09-24T02:45:48.412816+00:00" hostname="agent-env-5449ba65-ea74-477f-94a8-36087408f6c3"><testcase classname="tests.backend_test.TestUploadSubscription" name="test_upload_returns_path" time="0.765" /><testcase classname="tests.backend_test.TestUploadSubscription" name="test_download_file" time="0.285" /><testcase classname="tests.backend_test.TestPurchases" name="test_create_purchase_increments_stock_and_updates_cost" time="1.530" /><testcase classname="tests.backend_test.TestUploadSubscription" name="test_download_file_no_auth" time="0.153" /><testcase classname="tests.backend_test.TestUploadSubscription" name="test_subscription_flow" time="0.980" /><testcase classname="tests.backend_test.TestPurchases" name="test_purchase_listed_and_in_transactions" time="0.300" /><testcase classname="tests.backend_test.TestPurchases" name="test_purchase_credit" time="0.130" /><testcase classname="tests.backend_test.TestPurchases" name="test_purchase_in_reports_cashflow_not_in_expense" time="0.142" /><testcase classname="tests.backend_test.TestPurchases" name="test_purchase_in_dashboard_purchases_field" time="0.121" /><testcase classname="tests.backend_test.TestUploadSubscription" name="test_reject_subscription" time="0.387" /><testcase classname="tests.backend_test.TestPurchases" name="test_cashier_cannot_create_purchase" time="0.916" /><testcase classname="tests.backend_test.TestAuth" name="test_super_admin_login" time="0.000" /><testcase classname="tests.backend_test.TestAuth" name="test_register_and_trial" time="0.126" /><testcase classname="tests.backend_test.TestAuth" name="test_login_wrong_password" time="0.440" /><testcase classname="tests.backend_test.TestAuth" name="test_me_no_token" time="0.172" /><testcase classname="tests.backend_test.TestTransactions" name="test_cash_sale_decrements_stock" time="0.376" /><testcase classname="tests.backend_test.TestTransactions" name="test_qris_sale" time="0.128" /><testcase classname="tests.backend_test.TestTransactions" name="test_kasbon_sale_increases_customer_balance" time="0.547" /><testcase classname="tests.backend_test.TestDashboardReports" name="test_dashboard_summary" time="0.672" /><testcase classname="tests.backend_test.TestDashboardReports" name="test_reports_summary" time="0.139" /><testcase classname="tests.backend_test.TestDashboardReports" name="test_export_excel" time="0.348" /><testcase classname="tests.backend_test.TestTransactions" name="test_create_expense" time="0.282" /><testcase classname="tests.backend_test.TestDashboardReports" name="test_export_pdf" time="0.407" /><testcase classname="tests.backend_test.TestProducts" name="test_create_product" time="0.000" /><testcase classname="tests.backend_test.TestProducts" name="test_list_products" time="0.129" /><testcase classname="tests.backend_test.TestSuperAdmin" name="test_admin_stats" time="0.539" /><testcase classname="tests.backend_test.TestSuperAdmin" name="test_list_umkms" time="0.345" /><testcase classname="tests.backend_test.TestProducts" name="test_tenant_isolation" time="0.487" /><testcase classname="tests.backend_test.TestSuperAdmin" name="test_umkm_cannot_access_admin" time="0.151" /><testcase classname="tests.backend_test.TestSuppliers" name="test_create_and_list_supplier" time="0.302" /><testcase classname="tests.backend_test.TestPerOutlet" name="test_product_outlet_assignment" time="0.587" /><testcase classname="tests.backend_test.TestSuppliers" name="test_supplier_tenant_isolation" time="0.244" /><testcase classname="tests.backend_test.TestSuppliers" name="test_cashier_cannot_create_supplier" time="0.786" /><testcase classname="tests.backend_test.TestPerOutlet" name="test_dashboard_and_reports_outlet_filter" time="1.841" /><testcase classname="tests.backend_test.TestCashier" name="test_create_cashier" time="0.347" /><testcase classname="tests.backend_test.TestCashier" name="test_cashier_login_and_role" time="0.936" /><testcase classname="tests.backend_test.TestPerOutlet" name="test_export_with_outlet_filter" time="0.403" /><testcase classname="tests.backend_test.TestOutlets" name="test_create_and_delete_outlet" time="0.512" /><testcase classname="tests.backend_test.TestPlatformAndToggle" name="test_update_settings" time="0.404" /><testcase classname="tests.backend_test.TestReceiptData" name="test_sale_response_carries_receipt_fields" time="0.129" /><testcase classname="tests.backend_test.TestPlatformAndToggle" name="test_toggle_umkm_suspend" time="1.285" /></testsuite></testsuites>